<?xml version="1.0" encoding="UTF-8" ?>
<testsuite tests="1" failures="1" name="com.coolwall.app.ConnectionTestCase" time="5.9" errors="0" skipped="0">
  <properties>
[...]
</properties>
  <testcase classname="com.coolwall.app.ConnectionTestCase" name="testConnection" time="5.9">
    <failure message="Method &quot;testConnection&quot; not found" type="junit.framework.AssertionFailedError">junit.framework.AssertionFailedError: Method &quot;testConnection&quot; not found
	at junit.framework.Assert.fail(Assert.java:47)
	at junit.framework.TestCase.runTest(TestCase.java:147)
	at junit.framework.TestCase.runBare(TestCase.java:127)
	at junit.framework.TestResult$1.protect(TestResult.java:106)
	at junit.framework.TestResult.runProtected(TestResult.java:124)
	at junit.framework.TestResult.run(TestResult.java:109)
	at junit.framework.TestCase.run(TestCase.java:118)
	at junit.framework.TestSuite.runTest(TestSuite.java:208)
	at junit.framework.TestSuite.run(TestSuite.java:203)
	at sun.reflect.NativeMethodAccessorImpl.invoke0(Native Method)
	at sun.reflect.NativeMethodAccessorImpl.invoke(NativeMethodAccessorImpl.java:62)
	at sun.reflect.DelegatingMethodAccessorImpl.invoke(DelegatingMethodAccessorImpl.java:43)
	at java.lang.reflect.Method.invoke(Method.java:497)
	at org.apache.maven.surefire.junit.JUnitTestSet.execute(JUnitTestSet.java:95)
	at org.apache.maven.surefire.junit.JUnit3Provider.executeTestSet(JUnit3Provider.java:121)
	at org.apache.maven.surefire.junit.JUnit3Provider.invoke(JUnit3Provider.java:98)
	at sun.reflect.NativeMethodAccessorImpl.invoke0(Native Method)
	at sun.reflect.NativeMethodAccessorImpl.invoke(NativeMethodAccessorImpl.java:62)
	at sun.reflect.DelegatingMethodAccessorImpl.invoke(DelegatingMethodAccessorImpl.java:43)
	at java.lang.reflect.Method.invoke(Method.java:497)
	at org.apache.maven.surefire.util.ReflectionUtils.invokeMethodWithArray(ReflectionUtils.java:189)
	at org.apache.maven.surefire.booter.ProviderFactory$ProviderProxy.invoke(ProviderFactory.java:165)
	at org.apache.maven.surefire.booter.ProviderFactory.invokeProvider(ProviderFactory.java:85)
	at org.apache.maven.surefire.booter.ForkedBooter.runSuitesInProcess(ForkedBooter.java:115)
	at org.apache.maven.surefire.booter.ForkedBooter.main(ForkedBooter.java:75)
</failure>
    <system-err>[Thread-0] INFO spark.webserver.SparkServer - == Spark has ignited ...
[Thread-0] INFO spark.webserver.SparkServer - &gt;&gt; Listening on 0.0.0.0:4567
[Thread-0] INFO org.eclipse.jetty.server.Server - jetty-9.0.2.v20130417
[Thread-0] INFO org.eclipse.jetty.server.ServerConnector - Started ServerConnector@37b959f9{HTTP/1.1}{0.0.0.0:4567}
</system-err>
  </testcase>
</testsuite>